app/build/intermediates/manifest_merge_blame_file/release/processReleaseMainManifest/manifest-merger-blame-release-report.txt
1<?xml version="1.0" encoding="utf-8"?>
2<manifest xmlns:android="http://schemas.android.com/apk/res/android"
3    package="com.soccerball.goalpop"
4    android:versionCode="1"
5    android:versionName="1.0.0" >
6
7    <uses-sdk
8        android:minSdkVersion="26"
9        android:targetSdkVersion="35" />
10
11    <uses-permission android:name="android.permission.INTERNET" />
11-->src\main\AndroidManifest.xml:4:5-67
11-->src\main\AndroidManifest.xml:4:22-64
12    <uses-permission android:name="android.permission.ACCESS_NETWORK_STATE" />
12-->src\main\AndroidManifest.xml:5:5-79
12-->src\main\AndroidManifest.xml:5:22-76
13    <uses-permission android:name="android.permission.ACCESS_COARSE_LOCATION" />
13-->src\main\AndroidManifest.xml:6:5-81
13-->src\main\AndroidManifest.xml:6:22-78
14    <uses-permission android:name="android.permission.ACCESS_WIFI_STATE" />
14-->[com.startapp:inapp-sdk:5.3.1] AndroidManifest.xml:8:5-76
14-->[com.startapp:inapp-sdk:5.3.1] AndroidManifest.xml:8:22-73
15    <uses-permission android:name="android.permission.RECEIVE_BOOT_COMPLETED" />
15-->[com.startapp:inapp-sdk:5.3.1] AndroidManifest.xml:10:5-81
15-->[com.startapp:inapp-sdk:5.3.1] AndroidManifest.xml:10:22-78
16    <uses-permission android:name="com.google.android.finsky.permission.BIND_GET_INSTALL_REFERRER_SERVICE" />
16-->[com.startapp:inapp-sdk:5.3.1] AndroidManifest.xml:11:5-110
16-->[com.startapp:inapp-sdk:5.3.1] AndroidManifest.xml:11:22-107
17    <uses-permission android:name="com.google.android.gms.permission.AD_ID" />
17-->[com.startapp:inapp-sdk:5.3.1] AndroidManifest.xml:12:5-79
17-->[com.startapp:inapp-sdk:5.3.1] AndroidManifest.xml:12:22-76
18    <uses-permission android:name="android.permission.ACCESS_ADSERVICES_TOPICS" />
18-->[com.startapp:inapp-sdk:5.3.1] AndroidManifest.xml:13:5-83
18-->[com.startapp:inapp-sdk:5.3.1] AndroidManifest.xml:13:22-80
19
20    <queries>
20-->[com.startapp:inapp-sdk:5.3.1] AndroidManifest.xml:15:5-19:15
21        <intent>
21-->[com.startapp:inapp-sdk:5.3.1] AndroidManifest.xml:16:9-18:18
22            <action android:name="android.intent.action.MAIN" />
22-->src\main\AndroidManifest.xml:22:17-69
22-->src\main\AndroidManifest.xml:22:25-66
23        </intent>
24        <intent>
24-->[io.appmetrica.analytics:analytics:8.3.0] AndroidManifest.xml:13:9-15:18
25            <action android:name="ru.vk.store.sdk.install.referrer.InstallReferrerProvider" />
25-->[io.appmetrica.analytics:analytics:8.3.0] AndroidManifest.xml:14:13-95
25-->[io.appmetrica.analytics:analytics:8.3.0] AndroidManifest.xml:14:21-92
26        </intent>
27    </queries>
28
29    <permission
29-->[androidx.core:core:1.15.0] AndroidManifest.xml:22:5-24:47
30        android:name="com.soccerball.goalpop.DYNAMIC_RECEIVER_NOT_EXPORTED_PERMISSION"
30-->[androidx.core:core:1.15.0] AndroidManifest.xml:23:9-81
31        android:protectionLevel="signature" />
31-->[androidx.core:core:1.15.0] AndroidManifest.xml:24:9-44
32
33    <uses-permission android:name="com.soccerball.goalpop.DYNAMIC_RECEIVER_NOT_EXPORTED_PERMISSION" />
33-->[androidx.core:core:1.15.0] AndroidManifest.xml:26:5-97
33-->[androidx.core:core:1.15.0] AndroidManifest.xml:26:22-94
34
35    <application
35-->src\main\AndroidManifest.xml:8:5-26:19
36        android:name="com.soccerball.goalpop.SoccerBallApp"
36-->src\main\AndroidManifest.xml:9:9-38
37        android:allowBackup="true"
37-->src\main\AndroidManifest.xml:10:9-35
38        android:appComponentFactory="androidx.core.app.CoreComponentFactory"
38-->[androidx.core:core:1.15.0] AndroidManifest.xml:28:18-86
39        android:extractNativeLibs="false"
40        android:icon="@mipmap/ic_launcher"
40-->src\main\AndroidManifest.xml:11:9-43
41        android:label="@string/app_name"
41-->src\main\AndroidManifest.xml:12:9-41
42        android:roundIcon="@mipmap/ic_launcher_round"
42-->src\main\AndroidManifest.xml:13:9-54
43        android:supportsRtl="true"
43-->src\main\AndroidManifest.xml:14:9-35
44        android:theme="@style/Theme.SoccerBallGoalPop" >
44-->src\main\AndroidManifest.xml:15:9-55
45        <activity
45-->src\main\AndroidManifest.xml:16:9-25:20
46            android:name="com.soccerball.goalpop.MainActivity"
46-->src\main\AndroidManifest.xml:17:13-41
47            android:exported="true"
47-->src\main\AndroidManifest.xml:18:13-36
48            android:screenOrientation="portrait"
48-->src\main\AndroidManifest.xml:19:13-49
49            android:theme="@style/Theme.SoccerBallGoalPop" >
49-->src\main\AndroidManifest.xml:20:13-59
50            <intent-filter>
50-->src\main\AndroidManifest.xml:21:13-24:29
51                <action android:name="android.intent.action.MAIN" />
51-->src\main\AndroidManifest.xml:22:17-69
51-->src\main\AndroidManifest.xml:22:25-66
52
53                <category android:name="android.intent.category.LAUNCHER" />
53-->src\main\AndroidManifest.xml:23:17-77
53-->src\main\AndroidManifest.xml:23:27-74
54            </intent-filter>
55        </activity>
56
57        <provider
57-->[com.startapp:inapp-sdk:5.3.1] AndroidManifest.xml:22:9-25:40
58            android:name="com.startapp.sdk.adsbase.StartAppInitProvider"
58-->[com.startapp:inapp-sdk:5.3.1] AndroidManifest.xml:23:13-73
59            android:authorities="com.soccerball.goalpop.startappinitprovider"
59-->[com.startapp:inapp-sdk:5.3.1] AndroidManifest.xml:24:13-72
60            android:exported="false" />
60-->[com.startapp:inapp-sdk:5.3.1] AndroidManifest.xml:25:13-37
61
62        <activity
62-->[com.startapp:inapp-sdk:5.3.1] AndroidManifest.xml:27:9-30:64
63            android:name="com.startapp.sdk.adsbase.consent.ConsentActivity"
63-->[com.startapp:inapp-sdk:5.3.1] AndroidManifest.xml:28:13-76
64            android:configChanges="orientation|screenSize|screenLayout|keyboardHidden"
64-->[com.startapp:inapp-sdk:5.3.1] AndroidManifest.xml:29:13-87
65            android:theme="@android:style/Theme.Translucent" />
65-->[com.startapp:inapp-sdk:5.3.1] AndroidManifest.xml:30:13-61
66        <activity
66-->[com.startapp:inapp-sdk:5.3.1] AndroidManifest.xml:31:9-33:52
67            android:name="com.startapp.sdk.ads.list3d.List3DActivity"
67-->[com.startapp:inapp-sdk:5.3.1] AndroidManifest.xml:32:13-70
68            android:theme="@android:style/Theme" />
68-->[com.startapp:inapp-sdk:5.3.1] AndroidManifest.xml:33:13-49
69        <activity
69-->[com.startapp:inapp-sdk:5.3.1] AndroidManifest.xml:34:9-37:64
70            android:name="com.startapp.sdk.ads.interstitials.OverlayActivity"
70-->[com.startapp:inapp-sdk:5.3.1] AndroidManifest.xml:35:13-78
71            android:configChanges="orientation|screenSize|screenLayout|keyboardHidden"
71-->[com.startapp:inapp-sdk:5.3.1] AndroidManifest.xml:36:13-87
72            android:theme="@android:style/Theme.Translucent" />
72-->[com.startapp:inapp-sdk:5.3.1] AndroidManifest.xml:37:13-61
73
74        <service android:name="com.startapp.sdk.cachedservice.BackgroundService" />
74-->[com.startapp:inapp-sdk:5.3.1] AndroidManifest.xml:39:9-84
74-->[com.startapp:inapp-sdk:5.3.1] AndroidManifest.xml:39:18-81
75        <service
75-->[com.startapp:inapp-sdk:5.3.1] AndroidManifest.xml:40:9-42:72
76            android:name="com.startapp.sdk.jobs.SchedulerService"
76-->[com.startapp:inapp-sdk:5.3.1] AndroidManifest.xml:41:13-66
77            android:permission="android.permission.BIND_JOB_SERVICE" />
77-->[com.startapp:inapp-sdk:5.3.1] AndroidManifest.xml:42:13-69
78
79        <receiver
79-->[com.startapp:inapp-sdk:5.3.1] AndroidManifest.xml:44:9-50:20
80            android:name="com.startapp.sdk.adsbase.remoteconfig.BootCompleteListener"
80-->[com.startapp:inapp-sdk:5.3.1] AndroidManifest.xml:45:13-86
81            android:exported="true" >
81-->[com.startapp:inapp-sdk:5.3.1] AndroidManifest.xml:46:13-36
82            <intent-filter>
82-->[com.startapp:inapp-sdk:5.3.1] AndroidManifest.xml:47:13-49:29
83                <action android:name="android.intent.action.BOOT_COMPLETED" />
83-->[com.startapp:inapp-sdk:5.3.1] AndroidManifest.xml:48:17-79
83-->[com.startapp:inapp-sdk:5.3.1] AndroidManifest.xml:48:25-76
84            </intent-filter>
85        </receiver> <!-- AppMetrica Analytics: common service -->
86        <service
86-->[io.appmetrica.analytics:analytics:8.3.0] AndroidManifest.xml:21:9-32:19
87            android:name="io.appmetrica.analytics.internal.AppMetricaService"
87-->[io.appmetrica.analytics:analytics:8.3.0] AndroidManifest.xml:22:13-78
88            android:enabled="true"
88-->[io.appmetrica.analytics:analytics:8.3.0] AndroidManifest.xml:23:13-35
89            android:exported="false" >
89-->[io.appmetrica.analytics:analytics:8.3.0] AndroidManifest.xml:24:13-37
90            <intent-filter>
90-->[io.appmetrica.analytics:analytics:8.3.0] AndroidManifest.xml:25:13-31:29
91                <category android:name="android.intent.category.DEFAULT" />
91-->[io.appmetrica.analytics:analytics:8.3.0] AndroidManifest.xml:26:17-76
91-->[io.appmetrica.analytics:analytics:8.3.0] AndroidManifest.xml:26:27-73
92
93                <action android:name="io.appmetrica.analytics.IAppMetricaService" />
93-->[io.appmetrica.analytics:analytics:8.3.0] AndroidManifest.xml:28:17-85
93-->[io.appmetrica.analytics:analytics:8.3.0] AndroidManifest.xml:28:25-82
94
95                <data android:scheme="appmetrica" />
95-->[io.appmetrica.analytics:analytics:8.3.0] AndroidManifest.xml:30:17-53
95-->[io.appmetrica.analytics:analytics:8.3.0] AndroidManifest.xml:30:23-50
96            </intent-filter>
97        </service> <!-- To track preinstallations -->
98        <provider
98-->[io.appmetrica.analytics:analytics:8.3.0] AndroidManifest.xml:35:9-40:54
99            android:name="io.appmetrica.analytics.internal.PreloadInfoContentProvider"
99-->[io.appmetrica.analytics:analytics:8.3.0] AndroidManifest.xml:36:13-87
100            android:authorities="com.soccerball.goalpop.appmetrica.preloadinfo.retail"
100-->[io.appmetrica.analytics:analytics:8.3.0] AndroidManifest.xml:37:13-81
101            android:enabled="true"
101-->[io.appmetrica.analytics:analytics:8.3.0] AndroidManifest.xml:38:13-35
102            android:exported="true" />
102-->[io.appmetrica.analytics:analytics:8.3.0] AndroidManifest.xml:39:13-36
103
104        <activity
104-->[com.google.android.gms:play-services-base:18.5.0] AndroidManifest.xml:5:9-173
105            android:name="com.google.android.gms.common.api.GoogleApiActivity"
105-->[com.google.android.gms:play-services-base:18.5.0] AndroidManifest.xml:5:19-85
106            android:exported="false"
106-->[com.google.android.gms:play-services-base:18.5.0] AndroidManifest.xml:5:146-170
107            android:theme="@android:style/Theme.Translucent.NoTitleBar" />
107-->[com.google.android.gms:play-services-base:18.5.0] AndroidManifest.xml:5:86-145
108
109        <meta-data
109-->[com.google.android.gms:play-services-basement:18.4.0] AndroidManifest.xml:6:9-122
110            android:name="com.google.android.gms.version"
110-->[com.google.android.gms:play-services-basement:18.4.0] AndroidManifest.xml:6:20-65
111            android:value="@integer/google_play_services_version" />
111-->[com.google.android.gms:play-services-basement:18.4.0] AndroidManifest.xml:6:66-119
112
113        <provider
113-->[androidx.emoji2:emoji2:1.3.0] AndroidManifest.xml:24:9-32:20
114            android:name="androidx.startup.InitializationProvider"
114-->[androidx.emoji2:emoji2:1.3.0] AndroidManifest.xml:25:13-67
115            android:authorities="com.soccerball.goalpop.androidx-startup"
115-->[androidx.emoji2:emoji2:1.3.0] AndroidManifest.xml:26:13-68
116            android:exported="false" >
116-->[androidx.emoji2:emoji2:1.3.0] AndroidManifest.xml:27:13-37
117            <meta-data
117-->[androidx.emoji2:emoji2:1.3.0] AndroidManifest.xml:29:13-31:52
118                android:name="androidx.emoji2.text.EmojiCompatInitializer"
118-->[androidx.emoji2:emoji2:1.3.0] AndroidManifest.xml:30:17-75
119                android:value="androidx.startup" />
119-->[androidx.emoji2:emoji2:1.3.0] AndroidManifest.xml:31:17-49
120            <meta-data
120-->[androidx.lifecycle:lifecycle-process:2.8.7] AndroidManifest.xml:29:13-31:52
121                android:name="androidx.lifecycle.ProcessLifecycleInitializer"
121-->[androidx.lifecycle:lifecycle-process:2.8.7] AndroidManifest.xml:30:17-78
122                android:value="androidx.startup" />
122-->[androidx.lifecycle:lifecycle-process:2.8.7] AndroidManifest.xml:31:17-49
123            <meta-data
123-->[androidx.profileinstaller:profileinstaller:1.3.1] AndroidManifest.xml:29:13-31:52
124                android:name="androidx.profileinstaller.ProfileInstallerInitializer"
124-->[androidx.profileinstaller:profileinstaller:1.3.1] AndroidManifest.xml:30:17-85
125                android:value="androidx.startup" />
125-->[androidx.profileinstaller:profileinstaller:1.3.1] AndroidManifest.xml:31:17-49
126        </provider>
127
128        <receiver
128-->[androidx.profileinstaller:profileinstaller:1.3.1] AndroidManifest.xml:34:9-52:20
129            android:name="androidx.profileinstaller.ProfileInstallReceiver"
129-->[androidx.profileinstaller:profileinstaller:1.3.1] AndroidManifest.xml:35:13-76
130            android:directBootAware="false"
130-->[androidx.profileinstaller:profileinstaller:1.3.1] AndroidManifest.xml:36:13-44
131            android:enabled="true"
131-->[androidx.profileinstaller:profileinstaller:1.3.1] AndroidManifest.xml:37:13-35
132            android:exported="true"
132-->[androidx.profileinstaller:profileinstaller:1.3.1] AndroidManifest.xml:38:13-36
133            android:permission="android.permission.DUMP" >
133-->[androidx.profileinstaller:profileinstaller:1.3.1] AndroidManifest.xml:39:13-57
134            <intent-filter>
134-->[androidx.profileinstaller:profileinstaller:1.3.1] AndroidManifest.xml:40:13-42:29
135                <action android:name="androidx.profileinstaller.action.INSTALL_PROFILE" />
135-->[androidx.profileinstaller:profileinstaller:1.3.1] AndroidManifest.xml:41:17-91
135-->[androidx.profileinstaller:profileinstaller:1.3.1] AndroidManifest.xml:41:25-88
136            </intent-filter>
137            <intent-filter>
137-->[androidx.profileinstaller:profileinstaller:1.3.1] AndroidManifest.xml:43:13-45:29
138                <action android:name="androidx.profileinstaller.action.SKIP_FILE" />
138-->[androidx.profileinstaller:profileinstaller:1.3.1] AndroidManifest.xml:44:17-85
138-->[androidx.profileinstaller:profileinstaller:1.3.1] AndroidManifest.xml:44:25-82
139            </intent-filter>
140            <intent-filter>
140-->[androidx.profileinstaller:profileinstaller:1.3.1] AndroidManifest.xml:46:13-48:29
141                <action android:name="androidx.profileinstaller.action.SAVE_PROFILE" />
141-->[androidx.profileinstaller:profileinstaller:1.3.1] AndroidManifest.xml:47:17-88
141-->[androidx.profileinstaller:profileinstaller:1.3.1] AndroidManifest.xml:47:25-85
142            </intent-filter>
143            <intent-filter>
143-->[androidx.profileinstaller:profileinstaller:1.3.1] AndroidManifest.xml:49:13-51:29
144                <action android:name="androidx.profileinstaller.action.BENCHMARK_OPERATION" />
144-->[androidx.profileinstaller:profileinstaller:1.3.1] AndroidManifest.xml:50:17-95
144-->[androidx.profileinstaller:profileinstaller:1.3.1] AndroidManifest.xml:50:25-92
145            </intent-filter>
146        </receiver>
147    </application>
148
149</manifest>